#-----------------------------------------------------------
# Vivado v2020.2 (64-bit)
# SW Build 3064766 on Wed Nov 18 09:12:45 MST 2020
# IP Build 3064653 on Wed Nov 18 14:17:31 MST 2020
# Start of session at: Fri Jan  3 13:40:31 2025
# Process ID: 17588
# Current directory: C:/Users/akern/OneDrive/Desktop/Nexys A7-100T Sound Generation Project/FPGA_Sound_Generator
# Command line: vivado.exe -gui_launcher_event rodinguilauncherevent5064 C:\Users\akern\OneDrive\Desktop\Nexys A7-100T Sound Generation Project\FPGA_Sound_Generator\FPGA_Sound_Generator.xpr
# Log file: C:/Users/akern/OneDrive/Desktop/Nexys A7-100T Sound Generation Project/FPGA_Sound_Generator/vivado.log
# Journal file: C:/Users/akern/OneDrive/Desktop/Nexys A7-100T Sound Generation Project/FPGA_Sound_Generator\vivado.jou
#-----------------------------------------------------------
start_gui
open_project {C:/Users/akern/OneDrive/Desktop/Nexys A7-100T Sound Generation Project/FPGA_Sound_Generator/FPGA_Sound_Generator.xpr}
INFO: [ProjectBase 1-489] The host OS only allows 260 characters in a normal path. The project is stored in a path with more than 80 characters. If you experience issues with IP, Block Designs, or files not being found, please consider moving the project to a location with a shorter path. Alternately consider using the OS subst command to map part of the path to a drive letter.
Current project path is 'C:/Users/akern/OneDrive/Desktop/Nexys A7-100T Sound Generation Project/FPGA_Sound_Generator'
WARNING: [filemgmt 56-3] Default IP Output Path : Could not find the directory 'C:/Users/akern/OneDrive/Desktop/Nexys A7-100T Sound Generation Project/FPGA_Sound_Generator/FPGA_Sound_Generator.gen/sources_1'.
Scanning sources...
Finished scanning sources
INFO: [IP_Flow 19-234] Refreshing IP repositories
INFO: [IP_Flow 19-1704] No user IP repositories specified
INFO: [IP_Flow 19-2313] Loaded Vivado IP repository 'C:/Xilinx/Vivado/2020.2/data/ip'.
update_compile_order -fileset sources_1
exit
INFO: [Common 17-206] Exiting Vivado at Fri Jan  3 13:41:27 2025...
